0 info it worked if it ends with ok
1 verbose cli [ '/home/vedanta-krit/.nvm/versions/node/v6.6.0/bin/node',
1 verbose cli   '/home/vedanta-krit/.nvm/versions/node/v6.6.0/bin/npm',
1 verbose cli   'run',
1 verbose cli   'test-browser' ]
2 info using npm@3.10.3
3 info using node@v6.6.0
4 verbose run-script [ 'pretest-browser', 'test-browser', 'posttest-browser' ]
5 info lifecycle model@0.0.1~pretest-browser: model@0.0.1
6 silly lifecycle model@0.0.1~pretest-browser: no script for pretest-browser, continuing
7 info lifecycle model@0.0.1~test-browser: model@0.0.1
8 verbose lifecycle model@0.0.1~test-browser: unsafe-perm in lifecycle true
9 verbose lifecycle model@0.0.1~test-browser: PATH: /home/vedanta-krit/.nvm/versions/node/v6.6.0/lib/node_modules/npm/bin/node-gyp-bin:/home/vedanta-krit/Work/generation/model/node_modules/.bin:/home/vedanta-krit/.nvm/versions/node/v6.6.0/bin:/usr/local/heroku/bin:/usr/local/heroku/bin:/home/vedanta-krit/.nvm/versions/node/v6.6.0/bin:/usr/local/sbin:/usr/local/bin:/usr/sbin:/usr/bin:/sbin:/bin
10 verbose lifecycle model@0.0.1~test-browser: CWD: /home/vedanta-krit/Work/generation/model
11 silly lifecycle model@0.0.1~test-browser: Args: [ '-c', 'gulp test-browser' ]
12 silly lifecycle model@0.0.1~test-browser: Returned: code: 1  signal: null
13 info lifecycle model@0.0.1~test-browser: Failed to exec test-browser script
14 verbose stack Error: model@0.0.1 test-browser: `gulp test-browser`
14 verbose stack Exit status 1
14 verbose stack     at EventEmitter.<anonymous> (/home/vedanta-krit/.nvm/versions/node/v6.6.0/lib/node_modules/npm/lib/utils/lifecycle.js:242:16)
14 verbose stack     at emitTwo (events.js:106:13)
14 verbose stack     at EventEmitter.emit (events.js:191:7)
14 verbose stack     at ChildProcess.<anonymous> (/home/vedanta-krit/.nvm/versions/node/v6.6.0/lib/node_modules/npm/lib/utils/spawn.js:40:14)
14 verbose stack     at emitTwo (events.js:106:13)
14 verbose stack     at ChildProcess.emit (events.js:191:7)
14 verbose stack     at maybeClose (internal/child_process.js:877:16)
14 verbose stack     at Process.ChildProcess._handle.onexit (internal/child_process.js:226:5)
15 verbose pkgid model@0.0.1
16 verbose cwd /home/vedanta-krit/Work/generation/model
17 error Linux 4.4.0-38-generic
18 error argv "/home/vedanta-krit/.nvm/versions/node/v6.6.0/bin/node" "/home/vedanta-krit/.nvm/versions/node/v6.6.0/bin/npm" "run" "test-browser"
19 error node v6.6.0
20 error npm  v3.10.3
21 error code ELIFECYCLE
22 error model@0.0.1 test-browser: `gulp test-browser`
22 error Exit status 1
23 error Failed at the model@0.0.1 test-browser script 'gulp test-browser'.
23 error Make sure you have the latest version of node.js and npm installed.
23 error If you do, this is most likely a problem with the model package,
23 error not with npm itself.
23 error Tell the author that this fails on your system:
23 error     gulp test-browser
23 error You can get information on how to open an issue for this project with:
23 error     npm bugs model
23 error Or if that isn't available, you can get their info via:
23 error     npm owner ls model
23 error There is likely additional logging output above.
24 verbose exit [ 1, true ]
